[2026-01-27 15:49:19] 开始执行论文搜索任务
搜索关键词: 
搜索日期范围: 2026-01-26
正在获取论文...
arXiv 请求失败: 400 Client Error: Bad Request for url: https://export.arxiv.org/api/query?search_query=lastUpdatedDate%3A%5B202601260000+TO+202601262359%5D&sortBy=relevance&sortOrder=descending&max_results=
Crossref 请求失败: 400 Client Error: Bad Request for url: https://api.crossref.org/works?sort=relevance&order=desc&rows=&select=created%2Ctitle%2Cauthor%2Ccontainer-title%2CURL&filter=prefix%3A10.1145%2Cprefix%3A10.1109%2Cfrom-created-date%3A2026-01-26&mailto=1424057661%40qq.com
共写入 0 条记录，保存到 papers/paper2026-01-26.json。
论文获取成功，文件路径: papers/paper2026-01-26.json
正在筛选、翻译并发送邮件...
筛选完成：共 0 篇；Yes = 0 篇；已保存到 papers/select_paper2026-01-26.json。
邮件已发送，但服务器提前断开连接： please run connect() first
任务执行失败！
时间: 2026-01-27 15:49:19
错误类型: SMTPServerDisconnected
错误信息: please run connect() first

堆栈信息:
Traceback (most recent call last):
  File "/home/runner/work/PaperReader/PaperReader/src/main.py", line 56, in <module>
    select_translate_and_email(path)
  File "/home/runner/work/PaperReader/PaperReader/src/selectRelevantPaper.py", line 321, in select_translate_and_email
    send_email(
  File "/home/runner/work/PaperReader/PaperReader/src/selectRelevantPaper.py", line 160, in send_email
    server.quit()
  File "/opt/hostedtoolcache/Python/3.12.12/x64/lib/python3.12/smtplib.py", line 993, in quit
    res = self.docmd("quit")
          ^^^^^^^^^^^^^^^^^^
  File "/opt/hostedtoolcache/Python/3.12.12/x64/lib/python3.12/smtplib.py", line 431, in docmd
    self.putcmd(cmd, args)
  File "/opt/hostedtoolcache/Python/3.12.12/x64/lib/python3.12/smtplib.py", line 378, in putcmd
    self.send(f'{s}{CRLF}')
  File "/opt/hostedtoolcache/Python/3.12.12/x64/lib/python3.12/smtplib.py", line 365, in send
    raise SMTPServerDisconnected('please run connect() first')
smtplib.SMTPServerDisconnected: please run connect() first

邮件已发送，但服务器提前断开连接： please run connect() first
发送错误邮件时发生异常: please run connect() first
邮件发送失败的堆栈信息:
Traceback (most recent call last):
  File "/home/runner/work/PaperReader/PaperReader/src/main.py", line 56, in <module>
    select_translate_and_email(path)
  File "/home/runner/work/PaperReader/PaperReader/src/selectRelevantPaper.py", line 321, in select_translate_and_email
    send_email(
  File "/home/runner/work/PaperReader/PaperReader/src/selectRelevantPaper.py", line 160, in send_email
    server.quit()
  File "/opt/hostedtoolcache/Python/3.12.12/x64/lib/python3.12/smtplib.py", line 993, in quit
    res = self.docmd("quit")
          ^^^^^^^^^^^^^^^^^^
  File "/opt/hostedtoolcache/Python/3.12.12/x64/lib/python3.12/smtplib.py", line 431, in docmd
    self.putcmd(cmd, args)
  File "/opt/hostedtoolcache/Python/3.12.12/x64/lib/python3.12/smtplib.py", line 378, in putcmd
    self.send(f'{s}{CRLF}')
  File "/opt/hostedtoolcache/Python/3.12.12/x64/lib/python3.12/smtplib.py", line 365, in send
    raise SMTPServerDisconnected('please run connect() first')
smtplib.SMTPServerDisconnected: please run connect() first

During handling of the above exception, another exception occurred:

Traceback (most recent call last):
  File "/home/runner/work/PaperReader/PaperReader/src/main.py", line 72, in <module>
    select_error_message_email(error_msg)
  File "/home/runner/work/PaperReader/PaperReader/src/selectRelevantPaper.py", line 333, in select_error_message_email
    send_email(
  File "/home/runner/work/PaperReader/PaperReader/src/selectRelevantPaper.py", line 160, in send_email
    server.quit()
  File "/opt/hostedtoolcache/Python/3.12.12/x64/lib/python3.12/smtplib.py", line 993, in quit
    res = self.docmd("quit")
          ^^^^^^^^^^^^^^^^^^
  File "/opt/hostedtoolcache/Python/3.12.12/x64/lib/python3.12/smtplib.py", line 431, in docmd
    self.putcmd(cmd, args)
  File "/opt/hostedtoolcache/Python/3.12.12/x64/lib/python3.12/smtplib.py", line 378, in putcmd
    self.send(f'{s}{CRLF}')
  File "/opt/hostedtoolcache/Python/3.12.12/x64/lib/python3.12/smtplib.py", line 365, in send
    raise SMTPServerDisconnected('please run connect() first')
smtplib.SMTPServerDisconnected: please run connect() first

